\BOOKMARK [1][-]{section.1}{Introduzione}{}% 1
\BOOKMARK [2][-]{subsection.1.1}{Ambiente di simulazione}{section.1}% 2
\BOOKMARK [2][-]{subsection.1.2}{Sintassi relazione}{section.1}% 3
\BOOKMARK [1][-]{section.2}{Cisco Packet Tracer}{}% 4
\BOOKMARK [2][-]{subsection.2.1}{Introduzione}{section.2}% 5
\BOOKMARK [2][-]{subsection.2.2}{Menu}{section.2}% 6
\BOOKMARK [3][-]{subsubsection.2.2.1}{File}{subsection.2.2}% 7
\BOOKMARK [3][-]{subsubsection.2.2.2}{Edit}{subsection.2.2}% 8
\BOOKMARK [3][-]{subsubsection.2.2.3}{Options}{subsection.2.2}% 9
\BOOKMARK [3][-]{subsubsection.2.2.4}{View}{subsection.2.2}% 10
\BOOKMARK [3][-]{subsubsection.2.2.5}{Tools}{subsection.2.2}% 11
\BOOKMARK [3][-]{subsubsection.2.2.6}{Extensions}{subsection.2.2}% 12
\BOOKMARK [3][-]{subsubsection.2.2.7}{Help}{subsection.2.2}% 13
\BOOKMARK [2][-]{subsection.2.3}{Toolbar}{section.2}% 14
\BOOKMARK [3][-]{subsubsection.2.3.1}{Toolbar Principale}{subsection.2.3}% 15
\BOOKMARK [3][-]{subsubsection.2.3.2}{Toolbar Secondaria}{subsection.2.3}% 16
\BOOKMARK [3][-]{subsubsection.2.3.3}{Toolbar di Destra}{subsection.2.3}% 17
\BOOKMARK [3][-]{subsubsection.2.3.4}{Logical e Physical}{subsection.2.3}% 18
\BOOKMARK [3][-]{subsubsection.2.3.5}{Realtime e Simulation}{subsection.2.3}% 19
\BOOKMARK [2][-]{subsection.2.4}{Opzioni Consigliate}{section.2}% 20
\BOOKMARK [2][-]{subsection.2.5}{Apparati di Rete Utilizzati}{section.2}% 21
\BOOKMARK [3][-]{subsubsection.2.5.1}{Router}{subsection.2.5}% 22
\BOOKMARK [3][-]{subsubsection.2.5.2}{Switch}{subsection.2.5}% 23
\BOOKMARK [2][-]{subsection.2.6}{Cavi Utilizzati}{section.2}% 24
\BOOKMARK [2][-]{subsection.2.7}{Utilizzo Comune}{section.2}% 25
\BOOKMARK [3][-]{subsubsection.2.7.1}{Modifica dei moduli dei dispositivi}{subsection.2.7}% 26
\BOOKMARK [3][-]{subsubsection.2.7.2}{Configurazione degli indirizzi IP statici}{subsection.2.7}% 27
\BOOKMARK [3][-]{subsubsection.2.7.3}{Modificare il nome e l'hostname di un apparato}{subsection.2.7}% 28
\BOOKMARK [3][-]{subsubsection.2.7.4}{Disattivare i dns lookups}{subsection.2.7}% 29
\BOOKMARK [3][-]{subsubsection.2.7.5}{Salvare le modifiche fatte ad un dispositivo}{subsection.2.7}% 30
\BOOKMARK [1][-]{section.3}{Limitazione Accesso}{}% 31
\BOOKMARK [2][-]{subsection.3.1}{Modalita' di esecuzione dei comandi}{section.3}% 32
\BOOKMARK [2][-]{subsection.3.2}{Password}{section.3}% 33
\BOOKMARK [3][-]{subsubsection.3.2.1}{Enable}{subsection.3.2}% 34
\BOOKMARK [3][-]{subsubsection.3.2.2}{Console}{subsection.3.2}% 35
\BOOKMARK [3][-]{subsubsection.3.2.3}{Remote}{subsection.3.2}% 36
\BOOKMARK [3][-]{subsubsection.3.2.4}{Secret password}{subsection.3.2}% 37
\BOOKMARK [2][-]{subsection.3.3}{Message of the Day}{section.3}% 38
\BOOKMARK [1][-]{section.4}{Debugging della rete}{}% 39
\BOOKMARK [2][-]{subsection.4.1}{Informazioni della configurazione IP e di routing}{section.4}% 40
\BOOKMARK [2][-]{subsection.4.2}{Verifica tramite Ping}{section.4}% 41
\BOOKMARK [2][-]{subsection.4.3}{Verifica tramite Simulation}{section.4}% 42
\BOOKMARK [1][-]{section.5}{Servizi di rete}{}% 43
\BOOKMARK [2][-]{subsection.5.1}{DNS}{section.5}% 44
\BOOKMARK [2][-]{subsection.5.2}{DHCP}{section.5}% 45
\BOOKMARK [3][-]{subsubsection.5.2.1}{Server router}{subsection.5.2}% 46
\BOOKMARK [3][-]{subsubsection.5.2.2}{Server specializzato}{subsection.5.2}% 47
\BOOKMARK [2][-]{subsection.5.3}{EMAIL}{section.5}% 48
\BOOKMARK [2][-]{subsection.5.4}{HTTP}{section.5}% 49
\BOOKMARK [1][-]{section.6}{Routing e Sicurezza}{}% 50
\BOOKMARK [2][-]{subsection.6.1}{Routing Statico}{section.6}% 51
\BOOKMARK [2][-]{subsection.6.2}{VLAN}{section.6}% 52
\BOOKMARK [2][-]{subsection.6.3}{VPN}{section.6}% 53
\BOOKMARK [2][-]{subsection.6.4}{Tunneling}{section.6}% 54
